<?xml version="1.0" encoding="UTF-8"?>
<testsuite xmlns:xsi="http://www.w3.org/2001/XMLSchema-instance" xsi:noNamespaceSchemaLocation="https://maven.apache.org/surefire/maven-surefire-plugin/xsd/surefire-test-report-3.0.xsd" version="3.0" name="stepDefinitions.TestRunner" time="10.205" tests="1" errors="0" skipped="0" failures="0">
  <properties>
    <property name="java.specification.version" value="17"/>
    <property name="sun.jnu.encoding" value="UTF-8"/>
    <property name="java.class.path" value="/Users/kalpanaranasinghe/Documents/Selenium_tests/Selenium_tests_java/MavenSelenium/target/test-classes:/Users/kalpanaranasinghe/Documents/Selenium_tests/Selenium_tests_java/MavenSelenium/target/classes:/Users/kalpanaranasinghe/.m2/repository/io/cucumber/cucumber-java8/7.12.0/cucumber-java8-7.12.0.jar:/Users/kalpanaranasinghe/.m2/repository/io/cucumber/cucumber-core/7.12.0/cucumber-core-7.12.0.jar:/Users/kalpanaranasinghe/.m2/repository/io/cucumber/cucumber-gherkin/7.12.0/cucumber-gherkin-7.12.0.jar:/Users/kalpanaranasinghe/.m2/repository/io/cucumber/cucumber-gherkin-messages/7.12.0/cucumber-gherkin-messages-7.12.0.jar:/Users/kalpanaranasinghe/.m2/repository/io/cucumber/gherkin/26.2.0/gherkin-26.2.0.jar:/Users/kalpanaranasinghe/.m2/repository/io/cucumber/messages/22.0.0/messages-22.0.0.jar:/Users/kalpanaranasinghe/.m2/repository/io/cucumber/tag-expressions/5.0.1/tag-expressions-5.0.1.jar:/Users/kalpanaranasinghe/.m2/repository/io/cucumber/cucumber-expressions/16.1.2/cucumber-expressions-16.1.2.jar:/Users/kalpanaranasinghe/.m2/repository/io/cucumber/datatable/7.12.0/datatable-7.12.0.jar:/Users/kalpanaranasinghe/.m2/repository/io/cucumber/cucumber-plugin/7.12.0/cucumber-plugin-7.12.0.jar:/Users/kalpanaranasinghe/.m2/repository/io/cucumber/docstring/7.12.0/docstring-7.12.0.jar:/Users/kalpanaranasinghe/.m2/repository/io/cucumber/html-formatter/20.3.0/html-formatter-20.3.0.jar:/Users/kalpanaranasinghe/.m2/repository/io/cucumber/junit-xml-formatter/0.2.0/junit-xml-formatter-0.2.0.jar:/Users/kalpanaranasinghe/.m2/repository/io/cucumber/ci-environment/9.2.0/ci-environment-9.2.0.jar:/Users/kalpanaranasinghe/.m2/repository/org/apiguardian/apiguardian-api/1.1.2/apiguardian-api-1.1.2.jar:/Users/kalpanaranasinghe/.m2/repository/net/jodah/typetools/0.6.3/typetools-0.6.3.jar:/Users/kalpanaranasinghe/.m2/repository/io/cucumber/cucumber-java/7.12.0/cucumber-java-7.12.0.jar:/Users/kalpanaranasinghe/.m2/repository/io/cucumber/cucumber-junit/7.12.0/cucumber-junit-7.12.0.jar:/Users/kalpanaranasinghe/.m2/repository/org/apache/maven/shared/maven-shared-utils/3.3.4/maven-shared-utils-3.3.4.jar:/Users/kalpanaranasinghe/.m2/repository/commons-io/commons-io/2.6/commons-io-2.6.jar:/Users/kalpanaranasinghe/.m2/repository/org/seleniumhq/selenium/selenium-java/3.141.59/selenium-java-3.141.59.jar:/Users/kalpanaranasinghe/.m2/repository/org/seleniumhq/selenium/selenium-api/3.141.59/selenium-api-3.141.59.jar:/Users/kalpanaranasinghe/.m2/repository/org/seleniumhq/selenium/selenium-chrome-driver/3.141.59/selenium-chrome-driver-3.141.59.jar:/Users/kalpanaranasinghe/.m2/repository/org/seleniumhq/selenium/selenium-edge-driver/3.141.59/selenium-edge-driver-3.141.59.jar:/Users/kalpanaranasinghe/.m2/repository/org/seleniumhq/selenium/selenium-firefox-driver/3.141.59/selenium-firefox-driver-3.141.59.jar:/Users/kalpanaranasinghe/.m2/repository/org/seleniumhq/selenium/selenium-ie-driver/3.141.59/selenium-ie-driver-3.141.59.jar:/Users/kalpanaranasinghe/.m2/repository/org/seleniumhq/selenium/selenium-opera-driver/3.141.59/selenium-opera-driver-3.141.59.jar:/Users/kalpanaranasinghe/.m2/repository/org/seleniumhq/selenium/selenium-remote-driver/3.141.59/selenium-remote-driver-3.141.59.jar:/Users/kalpanaranasinghe/.m2/repository/org/seleniumhq/selenium/selenium-safari-driver/3.141.59/selenium-safari-driver-3.141.59.jar:/Users/kalpanaranasinghe/.m2/repository/org/seleniumhq/selenium/selenium-support/3.141.59/selenium-support-3.141.59.jar:/Users/kalpanaranasinghe/.m2/repository/net/bytebuddy/byte-buddy/1.8.15/byte-buddy-1.8.15.jar:/Users/kalpanaranasinghe/.m2/repository/org/apache/commons/commons-exec/1.3/commons-exec-1.3.jar:/Users/kalpanaranasinghe/.m2/repository/com/google/guava/guava/25.0-jre/guava-25.0-jre.jar:/Users/kalpanaranasinghe/.m2/repository/com/google/code/findbugs/jsr305/1.3.9/jsr305-1.3.9.jar:/Users/kalpanaranasinghe/.m2/repository/org/checkerframework/checker-compat-qual/2.0.0/checker-compat-qual-2.0.0.jar:/Users/kalpanaranasinghe/.m2/repository/com/google/errorprone/error_prone_annotations/2.1.3/error_prone_annotations-2.1.3.jar:/Users/kalpanaranasinghe/.m2/repository/com/google/j2objc/j2objc-annotations/1.1/j2objc-annotations-1.1.jar:/Users/kalpanaranasinghe/.m2/repository/org/codehaus/mojo/animal-sniffer-annotations/1.14/animal-sniffer-annotations-1.14.jar:/Users/kalpanaranasinghe/.m2/repository/com/squareup/okhttp3/okhttp/3.11.0/okhttp-3.11.0.jar:/Users/kalpanaranasinghe/.m2/repository/com/squareup/okio/okio/1.14.0/okio-1.14.0.jar:/Users/kalpanaranasinghe/.m2/repository/junit/junit/4.13.2/junit-4.13.2.jar:/Users/kalpanaranasinghe/.m2/repository/org/hamcrest/hamcrest-core/1.3/hamcrest-core-1.3.jar:/Users/kalpanaranasinghe/.m2/repository/ch/qos/logback/logback-classic/1.4.7/logback-classic-1.4.7.jar:/Users/kalpanaranasinghe/.m2/repository/ch/qos/logback/logback-core/1.4.7/logback-core-1.4.7.jar:/Users/kalpanaranasinghe/.m2/repository/org/slf4j/slf4j-api/2.0.4/slf4j-api-2.0.4.jar:/Users/kalpanaranasinghe/.m2/repository/org/apache/maven/plugins/maven-surefire-plugin/3.0.0-M5/maven-surefire-plugin-3.0.0-M5.jar:/Users/kalpanaranasinghe/.m2/repository/org/apache/maven/surefire/maven-surefire-common/3.0.0-M5/maven-surefire-common-3.0.0-M5.jar:/Users/kalpanaranasinghe/.m2/repository/org/apache/maven/surefire/surefire-api/3.0.0-M5/surefire-api-3.0.0-M5.jar:/Users/kalpanaranasinghe/.m2/repository/org/apache/maven/surefire/surefire-logger-api/3.0.0-M5/surefire-logger-api-3.0.0-M5.jar:/Users/kalpanaranasinghe/.m2/repository/org/apache/maven/surefire/surefire-extensions-api/3.0.0-M5/surefire-extensions-api-3.0.0-M5.jar:/Users/kalpanaranasinghe/.m2/repository/org/apache/maven/surefire/surefire-booter/3.0.0-M5/surefire-booter-3.0.0-M5.jar:/Users/kalpanaranasinghe/.m2/repository/org/apache/maven/surefire/surefire-extensions-spi/3.0.0-M5/surefire-extensions-spi-3.0.0-M5.jar:/Users/kalpanaranasinghe/.m2/repository/org/apache/maven/maven-toolchain/3.0-alpha-2/maven-toolchain-3.0-alpha-2.jar:/Users/kalpanaranasinghe/.m2/repository/org/apache/maven/shared/maven-artifact-transfer/0.11.0/maven-artifact-transfer-0.11.0.jar:/Users/kalpanaranasinghe/.m2/repository/org/apache/maven/shared/maven-common-artifact-filters/3.0.1/maven-common-artifact-filters-3.0.1.jar:/Users/kalpanaranasinghe/.m2/repository/org/apache/maven/maven-model/3.0/maven-model-3.0.jar:/Users/kalpanaranasinghe/.m2/repository/org/apache/maven/maven-plugin-api/3.0/maven-plugin-api-3.0.jar:/Users/kalpanaranasinghe/.m2/repository/org/sonatype/sisu/sisu-inject-plexus/1.4.2/sisu-inject-plexus-1.4.2.jar:/Users/kalpanaranasinghe/.m2/repository/org/codehaus/plexus/plexus-classworlds/2.2.3/plexus-classworlds-2.2.3.jar:/Users/kalpanaranasinghe/.m2/repository/org/sonatype/sisu/sisu-inject-bean/1.4.2/sisu-inject-bean-1.4.2.jar:/Users/kalpanaranasinghe/.m2/repository/org/sonatype/sisu/sisu-guice/2.1.7/sisu-guice-2.1.7-noaop.jar:/Users/kalpanaranasinghe/.m2/repository/commons-codec/commons-codec/1.11/commons-codec-1.11.jar:/Users/kalpanaranasinghe/.m2/repository/org/codehaus/plexus/plexus-java/1.0.5/plexus-java-1.0.5.jar:/Users/kalpanaranasinghe/.m2/repository/org/ow2/asm/asm/7.2/asm-7.2.jar:/Users/kalpanaranasinghe/.m2/repository/com/thoughtworks/qdox/qdox/2.0-M9/qdox-2.0-M9.jar:/Users/kalpanaranasinghe/.m2/repository/org/apache/maven/surefire/surefire-shared-utils/3.0.0-M4/surefire-shared-utils-3.0.0-M4.jar:/Users/kalpanaranasinghe/.m2/repository/org/assertj/assertj-core/2.0.0/assertj-core-2.0.0.jar:/Users/kalpanaranasinghe/.m2/repository/com/github/marschall/memoryfilesystem/0.6.4/memoryfilesystem-0.6.4.jar:"/>
    <property name="java.vm.vendor" value="Oracle Corporation"/>
    <property name="sun.arch.data.model" value="64"/>
    <property name="java.vendor.url" value="https://java.oracle.com/"/>
    <property name="os.name" value="Mac OS X"/>
    <property name="java.vm.specification.version" value="17"/>
    <property name="sun.java.launcher" value="SUN_STANDARD"/>
    <property name="user.country" value="LK"/>
    <property name="sun.boot.library.path" value="/Library/Java/JavaVirtualMachines/jdk-17.jdk/Contents/Home/lib"/>
    <property name="sun.java.command" value="/Users/kalpanaranasinghe/Documents/Selenium_tests/Selenium_tests_java/MavenSelenium/target/surefire/surefirebooter6811922817880669161.jar /Users/kalpanaranasinghe/Documents/Selenium_tests/Selenium_tests_java/MavenSelenium/target/surefire 2023-06-01T01-06-52_567-jvmRun1 surefire11952127603944267461tmp surefire_015690569177478362336tmp"/>
    <property name="http.nonProxyHosts" value="local|*.local|169.254/16|*.169.254/16"/>
    <property name="jdk.debug" value="release"/>
    <property name="surefire.test.class.path" value="/Users/kalpanaranasinghe/Documents/Selenium_tests/Selenium_tests_java/MavenSelenium/target/test-classes:/Users/kalpanaranasinghe/Documents/Selenium_tests/Selenium_tests_java/MavenSelenium/target/classes:/Users/kalpanaranasinghe/.m2/repository/io/cucumber/cucumber-java8/7.12.0/cucumber-java8-7.12.0.jar:/Users/kalpanaranasinghe/.m2/repository/io/cucumber/cucumber-core/7.12.0/cucumber-core-7.12.0.jar:/Users/kalpanaranasinghe/.m2/repository/io/cucumber/cucumber-gherkin/7.12.0/cucumber-gherkin-7.12.0.jar:/Users/kalpanaranasinghe/.m2/repository/io/cucumber/cucumber-gherkin-messages/7.12.0/cucumber-gherkin-messages-7.12.0.jar:/Users/kalpanaranasinghe/.m2/repository/io/cucumber/gherkin/26.2.0/gherkin-26.2.0.jar:/Users/kalpanaranasinghe/.m2/repository/io/cucumber/messages/22.0.0/messages-22.0.0.jar:/Users/kalpanaranasinghe/.m2/repository/io/cucumber/tag-expressions/5.0.1/tag-expressions-5.0.1.jar:/Users/kalpanaranasinghe/.m2/repository/io/cucumber/cucumber-expressions/16.1.2/cucumber-expressions-16.1.2.jar:/Users/kalpanaranasinghe/.m2/repository/io/cucumber/datatable/7.12.0/datatable-7.12.0.jar:/Users/kalpanaranasinghe/.m2/repository/io/cucumber/cucumber-plugin/7.12.0/cucumber-plugin-7.12.0.jar:/Users/kalpanaranasinghe/.m2/repository/io/cucumber/docstring/7.12.0/docstring-7.12.0.jar:/Users/kalpanaranasinghe/.m2/repository/io/cucumber/html-formatter/20.3.0/html-formatter-20.3.0.jar:/Users/kalpanaranasinghe/.m2/repository/io/cucumber/junit-xml-formatter/0.2.0/junit-xml-formatter-0.2.0.jar:/Users/kalpanaranasinghe/.m2/repository/io/cucumber/ci-environment/9.2.0/ci-environment-9.2.0.jar:/Users/kalpanaranasinghe/.m2/repository/org/apiguardian/apiguardian-api/1.1.2/apiguardian-api-1.1.2.jar:/Users/kalpanaranasinghe/.m2/repository/net/jodah/typetools/0.6.3/typetools-0.6.3.jar:/Users/kalpanaranasinghe/.m2/repository/io/cucumber/cucumber-java/7.12.0/cucumber-java-7.12.0.jar:/Users/kalpanaranasinghe/.m2/repository/io/cucumber/cucumber-junit/7.12.0/cucumber-junit-7.12.0.jar:/Users/kalpanaranasinghe/.m2/repository/org/apache/maven/shared/maven-shared-utils/3.3.4/maven-shared-utils-3.3.4.jar:/Users/kalpanaranasinghe/.m2/repository/commons-io/commons-io/2.6/commons-io-2.6.jar:/Users/kalpanaranasinghe/.m2/repository/org/seleniumhq/selenium/selenium-java/3.141.59/selenium-java-3.141.59.jar:/Users/kalpanaranasinghe/.m2/repository/org/seleniumhq/selenium/selenium-api/3.141.59/selenium-api-3.141.59.jar:/Users/kalpanaranasinghe/.m2/repository/org/seleniumhq/selenium/selenium-chrome-driver/3.141.59/selenium-chrome-driver-3.141.59.jar:/Users/kalpanaranasinghe/.m2/repository/org/seleniumhq/selenium/selenium-edge-driver/3.141.59/selenium-edge-driver-3.141.59.jar:/Users/kalpanaranasinghe/.m2/repository/org/seleniumhq/selenium/selenium-firefox-driver/3.141.59/selenium-firefox-driver-3.141.59.jar:/Users/kalpanaranasinghe/.m2/repository/org/seleniumhq/selenium/selenium-ie-driver/3.141.59/selenium-ie-driver-3.141.59.jar:/Users/kalpanaranasinghe/.m2/repository/org/seleniumhq/selenium/selenium-opera-driver/3.141.59/selenium-opera-driver-3.141.59.jar:/Users/kalpanaranasinghe/.m2/repository/org/seleniumhq/selenium/selenium-remote-driver/3.141.59/selenium-remote-driver-3.141.59.jar:/Users/kalpanaranasinghe/.m2/repository/org/seleniumhq/selenium/selenium-safari-driver/3.141.59/selenium-safari-driver-3.141.59.jar:/Users/kalpanaranasinghe/.m2/repository/org/seleniumhq/selenium/selenium-support/3.141.59/selenium-support-3.141.59.jar:/Users/kalpanaranasinghe/.m2/repository/net/bytebuddy/byte-buddy/1.8.15/byte-buddy-1.8.15.jar:/Users/kalpanaranasinghe/.m2/repository/org/apache/commons/commons-exec/1.3/commons-exec-1.3.jar:/Users/kalpanaranasinghe/.m2/repository/com/google/guava/guava/25.0-jre/guava-25.0-jre.jar:/Users/kalpanaranasinghe/.m2/repository/com/google/code/findbugs/jsr305/1.3.9/jsr305-1.3.9.jar:/Users/kalpanaranasinghe/.m2/repository/org/checkerframework/checker-compat-qual/2.0.0/checker-compat-qual-2.0.0.jar:/Users/kalpanaranasinghe/.m2/repository/com/google/errorprone/error_prone_annotations/2.1.3/error_prone_annotations-2.1.3.jar:/Users/kalpanaranasinghe/.m2/repository/com/google/j2objc/j2objc-annotations/1.1/j2objc-annotations-1.1.jar:/Users/kalpanaranasinghe/.m2/repository/org/codehaus/mojo/animal-sniffer-annotations/1.14/animal-sniffer-annotations-1.14.jar:/Users/kalpanaranasinghe/.m2/repository/com/squareup/okhttp3/okhttp/3.11.0/okhttp-3.11.0.jar:/Users/kalpanaranasinghe/.m2/repository/com/squareup/okio/okio/1.14.0/okio-1.14.0.jar:/Users/kalpanaranasinghe/.m2/repository/junit/junit/4.13.2/junit-4.13.2.jar:/Users/kalpanaranasinghe/.m2/repository/org/hamcrest/hamcrest-core/1.3/hamcrest-core-1.3.jar:/Users/kalpanaranasinghe/.m2/repository/ch/qos/logback/logback-classic/1.4.7/logback-classic-1.4.7.jar:/Users/kalpanaranasinghe/.m2/repository/ch/qos/logback/logback-core/1.4.7/logback-core-1.4.7.jar:/Users/kalpanaranasinghe/.m2/repository/org/slf4j/slf4j-api/2.0.4/slf4j-api-2.0.4.jar:/Users/kalpanaranasinghe/.m2/repository/org/apache/maven/plugins/maven-surefire-plugin/3.0.0-M5/maven-surefire-plugin-3.0.0-M5.jar:/Users/kalpanaranasinghe/.m2/repository/org/apache/maven/surefire/maven-surefire-common/3.0.0-M5/maven-surefire-common-3.0.0-M5.jar:/Users/kalpanaranasinghe/.m2/repository/org/apache/maven/surefire/surefire-api/3.0.0-M5/surefire-api-3.0.0-M5.jar:/Users/kalpanaranasinghe/.m2/repository/org/apache/maven/surefire/surefire-logger-api/3.0.0-M5/surefire-logger-api-3.0.0-M5.jar:/Users/kalpanaranasinghe/.m2/repository/org/apache/maven/surefire/surefire-extensions-api/3.0.0-M5/surefire-extensions-api-3.0.0-M5.jar:/Users/kalpanaranasinghe/.m2/repository/org/apache/maven/surefire/surefire-booter/3.0.0-M5/surefire-booter-3.0.0-M5.jar:/Users/kalpanaranasinghe/.m2/repository/org/apache/maven/surefire/surefire-extensions-spi/3.0.0-M5/surefire-extensions-spi-3.0.0-M5.jar:/Users/kalpanaranasinghe/.m2/repository/org/apache/maven/maven-toolchain/3.0-alpha-2/maven-toolchain-3.0-alpha-2.jar:/Users/kalpanaranasinghe/.m2/repository/org/apache/maven/shared/maven-artifact-transfer/0.11.0/maven-artifact-transfer-0.11.0.jar:/Users/kalpanaranasinghe/.m2/repository/org/apache/maven/shared/maven-common-artifact-filters/3.0.1/maven-common-artifact-filters-3.0.1.jar:/Users/kalpanaranasinghe/.m2/repository/org/apache/maven/maven-model/3.0/maven-model-3.0.jar:/Users/kalpanaranasinghe/.m2/repository/org/apache/maven/maven-plugin-api/3.0/maven-plugin-api-3.0.jar:/Users/kalpanaranasinghe/.m2/repository/org/sonatype/sisu/sisu-inject-plexus/1.4.2/sisu-inject-plexus-1.4.2.jar:/Users/kalpanaranasinghe/.m2/repository/org/codehaus/plexus/plexus-classworlds/2.2.3/plexus-classworlds-2.2.3.jar:/Users/kalpanaranasinghe/.m2/repository/org/sonatype/sisu/sisu-inject-bean/1.4.2/sisu-inject-bean-1.4.2.jar:/Users/kalpanaranasinghe/.m2/repository/org/sonatype/sisu/sisu-guice/2.1.7/sisu-guice-2.1.7-noaop.jar:/Users/kalpanaranasinghe/.m2/repository/commons-codec/commons-codec/1.11/commons-codec-1.11.jar:/Users/kalpanaranasinghe/.m2/repository/org/codehaus/plexus/plexus-java/1.0.5/plexus-java-1.0.5.jar:/Users/kalpanaranasinghe/.m2/repository/org/ow2/asm/asm/7.2/asm-7.2.jar:/Users/kalpanaranasinghe/.m2/repository/com/thoughtworks/qdox/qdox/2.0-M9/qdox-2.0-M9.jar:/Users/kalpanaranasinghe/.m2/repository/org/apache/maven/surefire/surefire-shared-utils/3.0.0-M4/surefire-shared-utils-3.0.0-M4.jar:/Users/kalpanaranasinghe/.m2/repository/org/assertj/assertj-core/2.0.0/assertj-core-2.0.0.jar:/Users/kalpanaranasinghe/.m2/repository/com/github/marschall/memoryfilesystem/0.6.4/memoryfilesystem-0.6.4.jar:"/>
    <property name="sun.cpu.endian" value="little"/>
    <property name="user.home" value="/Users/kalpanaranasinghe"/>
    <property name="user.language" value="en"/>
    <property name="java.specification.vendor" value="Oracle Corporation"/>
    <property name="java.version.date" value="2023-04-18"/>
    <property name="java.home" value="/Library/Java/JavaVirtualMachines/jdk-17.jdk/Contents/Home"/>
    <property name="file.separator" value="/"/>
    <property name="basedir" value="/Users/kalpanaranasinghe/Documents/Selenium_tests/Selenium_tests_java/MavenSelenium"/>
    <property name="java.vm.compressedOopsMode" value="Zero based"/>
    <property name="line.separator" value="&#10;"/>
    <property name="java.specification.name" value="Java Platform API Specification"/>
    <property name="java.vm.specification.vendor" value="Oracle Corporation"/>
    <property name="surefire.real.class.path" value="/Users/kalpanaranasinghe/Documents/Selenium_tests/Selenium_tests_java/MavenSelenium/target/surefire/surefirebooter6811922817880669161.jar"/>
    <property name="sun.management.compiler" value="HotSpot 64-Bit Tiered Compilers"/>
    <property name="ftp.nonProxyHosts" value="local|*.local|169.254/16|*.169.254/16"/>
    <property name="java.runtime.version" value="17.0.7+8-LTS-224"/>
    <property name="user.name" value="kalpanaranasinghe"/>
    <property name="path.separator" value=":"/>
    <property name="os.version" value="13.3.1"/>
    <property name="java.runtime.name" value="Java(TM) SE Runtime Environment"/>
    <property name="file.encoding" value="UTF-8"/>
    <property name="java.vm.name" value="Java HotSpot(TM) 64-Bit Server VM"/>
    <property name="localRepository" value="/Users/kalpanaranasinghe/.m2/repository"/>
    <property name="java.vendor.url.bug" value="https://bugreport.java.com/bugreport/"/>
    <property name="java.io.tmpdir" value="/var/folders/mb/9_76hdys1d98fvzzcc_65yy80000gn/T/"/>
    <property name="java.version" value="17.0.7"/>
    <property name="user.dir" value="/Users/kalpanaranasinghe/Documents/Selenium_tests/Selenium_tests_java/MavenSelenium"/>
    <property name="os.arch" value="aarch64"/>
    <property name="java.vm.specification.name" value="Java Virtual Machine Specification"/>
    <property name="native.encoding" value="UTF-8"/>
    <property name="java.library.path" value="/Users/kalpanaranasinghe/Library/Java/Extensions:/Library/Java/Extensions:/Network/Library/Java/Extensions:/System/Library/Java/Extensions:/usr/lib/java:."/>
    <property name="java.vm.info" value="mixed mode, sharing"/>
    <property name="java.vendor" value="Oracle Corporation"/>
    <property name="java.vm.version" value="17.0.7+8-LTS-224"/>
    <property name="sun.io.unicode.encoding" value="UnicodeBig"/>
    <property name="socksNonProxyHosts" value="local|*.local|169.254/16|*.169.254/16"/>
    <property name="java.class.version" value="61.0"/>
  </properties>
  <testcase name="Search Nikon and verify product details" classname="Amazon Search" time="10.099">
    <system-out><![CDATA[Product title does not have the expected term.
]]></system-out>
    <system-err><![CDATA[Starting ChromeDriver 113.0.5672.63 (0e1a4471d5ae5bf128b1bd8f4d627c8cbd55f70c-refs/branch-heads/5672@{#912}) on port 18440
Only local connections are allowed.
Please see https://chromedriver.chromium.org/security-considerations for suggestions on keeping ChromeDriver safe.
ChromeDriver was started successfully.
Jun 01, 2023 1:06:53 AM org.openqa.selenium.remote.ProtocolHandshake createSession
INFO: Detected dialect: W3C
]]></system-err>
  </testcase>
</testsuite>